Using pre-set license
Built from '2021.3/staging' branch; Version is '2021.3.6f1 (7da38d85baf6) revision 8233869'; Using compiler version '192829333'; Build Type 'Release'
OS: 'Windows 10  (10.0.19044) 64bit Education' Language: 'en' Physical Memory: 16160 MB
BatchMode: 1, IsHumanControllingUs: 0, StartBugReporterOnCrash: 0, Is64bit: 1, IsPro: 1

COMMAND LINE ARGUMENTS:
C:\Program Files\Unity\Hub\Editor\2021.3.6f1\Editor\Unity.exe
-adb2
-batchMode
-noUpm
-name
AssetImportWorker1
-projectPath
C:/Users/harribry004/Desktop/GITHUB/Man-of-hour
-logFile
Logs/AssetImportWorker1.log
-srvPort
52183
Successfully changed project path to: C:/Users/harribry004/Desktop/GITHUB/Man-of-hour
C:/Users/harribry004/Desktop/GITHUB/Man-of-hour
[UnityMemory] Configuration Parameters - Can be set up in boot.config
    "memorysetup-bucket-allocator-granularity=16"
    "memorysetup-bucket-allocator-bucket-count=8"
    "memorysetup-bucket-allocator-block-size=33554432"
    "memorysetup-bucket-allocator-block-count=8"
    "memorysetup-main-allocator-block-size=16777216"
    "memorysetup-thread-allocator-block-size=16777216"
    "memorysetup-gfx-main-allocator-block-size=16777216"
    "memorysetup-gfx-thread-allocator-block-size=16777216"
    "memorysetup-cache-allocator-block-size=4194304"
    "memorysetup-typetree-allocator-block-size=2097152"
    "memorysetup-profiler-bucket-allocator-granularity=16"
    "memorysetup-profiler-bucket-allocator-bucket-count=8"
    "memorysetup-profiler-bucket-allocator-block-size=33554432"
    "memorysetup-profiler-bucket-allocator-block-count=8"
    "memorysetup-profiler-allocator-block-size=16777216"
    "memorysetup-profiler-editor-allocator-block-size=1048576"
    "memorysetup-temp-allocator-size-main=16777216"
    "memorysetup-job-temp-allocator-block-size=2097152"
    "memorysetup-job-temp-allocator-block-size-background=1048576"
    "memorysetup-job-temp-allocator-reduction-small-platforms=262144"
    "memorysetup-temp-allocator-size-background-worker=32768"
    "memorysetup-temp-allocator-size-job-worker=262144"
    "memorysetup-temp-allocator-size-preload-manager=33554432"
    "memorysetup-temp-allocator-size-nav-mesh-worker=65536"
    "memorysetup-temp-allocator-size-audio-worker=65536"
    "memorysetup-temp-allocator-size-cloud-worker=32768"
    "memorysetup-temp-allocator-size-gi-baking-worker=262144"
    "memorysetup-temp-allocator-size-gfx=262144"
Refreshing native plugins compatible for Editor in 84.84 ms, found 3 plugins.
Preloading 0 native plugins for Editor in 0.00 ms.
Initialize engine version: 2021.3.6f1 (7da38d85baf6)
[Subsystems] Discovering subsystems at path C:/Program Files/Unity/Hub/Editor/2021.3.6f1/Editor/Data/Resources/UnitySubsystems
[Subsystems] Discovering subsystems at path C:/Users/harribry004/Desktop/GITHUB/Man-of-hour/Assets
GfxDevice: creating device client; threaded=0; jobified=0
Direct3D:
    Version:  Direct3D 11.0 [level 11.1]
    Renderer: NVIDIA T1000 (ID=0x1fb0)
    Vendor:   NVIDIA
    VRAM:     3962 MB
    Driver:   30.0.14.7141
Initialize mono
Mono path[0] = 'C:/Program Files/Unity/Hub/Editor/2021.3.6f1/Editor/Data/Managed'
Mono path[1] = 'C:/Program Files/Unity/Hub/Editor/2021.3.6f1/Editor/Data/MonoBleedingEdge/lib/mono/unityjit-win32'
Mono config path = 'C:/Program Files/Unity/Hub/Editor/2021.3.6f1/Editor/Data/MonoBleedingEdge/etc'
Using monoOptions --debugger-agent=transport=dt_socket,embedding=1,server=y,suspend=n,address=127.0.0.1:56900
Begin MonoManager ReloadAssembly
Registering precompiled unity dll's ...
Register platform support module: C:/Program Files/Unity/Hub/Editor/2021.3.6f1/Editor/Data/PlaybackEngines/WebGLSupport/UnityEditor.WebGL.Extensions.dll
Register platform support module: C:/Program Files/Unity/Hub/Editor/2021.3.6f1/Editor/Data/PlaybackEngines/MacStandaloneSupport/UnityEditor.OSXStandalone.Extensions.dll
Register platform support module: C:/Program Files/Unity/Hub/Editor/2021.3.6f1/Editor/Data/PlaybackEngines/AndroidPlayer/UnityEditor.Android.Extensions.dll
Register platform support module: C:/Program Files/Unity/Hub/Editor/2021.3.6f1/Editor/Data/PlaybackEngines/iOSSupport/UnityEditor.iOS.Extensions.dll
Register platform support module: C:/Program Files/Unity/Hub/Editor/2021.3.6f1/Editor/Data/PlaybackEngines/AppleTVSupport/UnityEditor.AppleTV.Extensions.dll
Register platform support module: C:/Program Files/Unity/Hub/Editor/2021.3.6f1/Editor/Data/PlaybackEngines/WindowsStandaloneSupport/UnityEditor.WindowsStandalone.Extensions.dll
Register platform support module: C:/Program Files/Unity/Hub/Editor/2021.3.6f1/Editor/Data/PlaybackEngines/LinuxStandaloneSupport/UnityEditor.LinuxStandalone.Extensions.dll
Register platform support module: C:/Program Files/Unity/Hub/Editor/2021.3.6f1/Editor/Data/PlaybackEngines/MetroSupport/UnityEditor.UWP.Extensions.dll
Registered in 0.023404 seconds.
Native extension for UWP target not found
Native extension for LinuxStandalone target not found
Native extension for WindowsStandalone target not found
[usbmuxd] Start listen thread
[usbmuxd] Listen thread started
Native extension for AppleTV target not found
[usbmuxd] Start listen thread
[usbmuxd] Listen thread started
Native extension for iOS target not found
Native extension for Android target not found
Native extension for OSXStandalone target not found
Native extension for WebGL target not found
Refreshing native plugins compatible for Editor in 92.94 ms, found 3 plugins.
Preloading 0 native plugins for Editor in 0.00 ms.
Mono: successfully reloaded assembly
- Completed reload, in  0.739 seconds
Domain Reload Profiling:
	ReloadAssembly (739ms)
		BeginReloadAssembly (106ms)
			ExecutionOrderSort (0ms)
			DisableScriptedObjects (0ms)
			BackupInstance (0ms)
			ReleaseScriptingObjects (0ms)
			CreateAndSetChildDomain (1ms)
		EndReloadAssembly (506ms)
			LoadAssemblies (108ms)
			RebuildTransferFunctionScriptingTraits (0ms)
			SetupTypeCache (106ms)
			ReleaseScriptCaches (0ms)
			RebuildScriptCaches (25ms)
			SetupLoadedEditorAssemblies (317ms)
				LogAssemblyErrors (0ms)
				InitializePlatformSupportModulesInManaged (75ms)
				SetLoadedEditorAssemblies (0ms)
				RefreshPlugins (93ms)
				BeforeProcessingInitializeOnLoad (1ms)
				ProcessInitializeOnLoadAttributes (104ms)
				ProcessInitializeOnLoadMethodAttributes (44ms)
				AfterProcessingInitializeOnLoad (0ms)
				EditorAssembliesLoaded (0ms)
			ExecutionOrderSort2 (0ms)
			AwakeInstancesAfterBackupRestoration (0ms)
Platform modules already initialized, skipping
Registering precompiled user dll's ...
Registered in 0.024471 seconds.
Begin MonoManager ReloadAssembly
Symbol file LoadedFromMemory doesn't match image C:\Users\harribry004\Desktop\GITHUB\Man-of-hour\Library\PackageCache\com.unity.visualscripting@1.7.8\Editor\VisualScripting.Core\Dependencies\YamlDotNet\Unity.VisualScripting.YamlDotNet.dll
Symbol file LoadedFromMemory doesn't match image C:\Users\harribry004\Desktop\GITHUB\Man-of-hour\Library\PackageCache\com.unity.visualscripting@1.7.8\Editor\VisualScripting.Core\Dependencies\DotNetZip\Unity.VisualScripting.IonicZip.dll
Native extension for UWP target not found
Native extension for LinuxStandalone target not found
Native extension for WindowsStandalone target not found
Native extension for AppleTV target not found
Native extension for iOS target not found
Native extension for Android target not found
Native extension for OSXStandalone target not found
Native extension for WebGL target not found
Refreshing native plugins compatible for Editor in 0.57 ms, found 3 plugins.
Preloading 0 native plugins for Editor in 0.00 ms.
Mono: successfully reloaded assembly
- Completed reload, in  1.135 seconds
Domain Reload Profiling:
	ReloadAssembly (1136ms)
		BeginReloadAssembly (140ms)
			ExecutionOrderSort (0ms)
			DisableScriptedObjects (5ms)
			BackupInstance (0ms)
			ReleaseScriptingObjects (0ms)
			CreateAndSetChildDomain (20ms)
		EndReloadAssembly (871ms)
			LoadAssemblies (162ms)
			RebuildTransferFunctionScriptingTraits (0ms)
			SetupTypeCache (254ms)
			ReleaseScriptCaches (1ms)
			RebuildScriptCaches (44ms)
			SetupLoadedEditorAssemblies (398ms)
				LogAssemblyErrors (0ms)
				InitializePlatformSupportModulesInManaged (43ms)
				SetLoadedEditorAssemblies (0ms)
				RefreshPlugins (1ms)
				BeforeProcessingInitializeOnLoad (90ms)
				ProcessInitializeOnLoadAttributes (226ms)
				ProcessInitializeOnLoadMethodAttributes (24ms)
				AfterProcessingInitializeOnLoad (15ms)
				EditorAssembliesLoaded (0ms)
			ExecutionOrderSort2 (0ms)
			AwakeInstancesAfterBackupRestoration (10ms)
Platform modules already initialized, skipping
========================================================================
Worker process is ready to serve import requests
Launched and connected shader compiler UnityShaderCompiler.exe after 0.09 seconds
Refreshing native plugins compatible for Editor in 0.62 ms, found 3 plugins.
Preloading 0 native plugins for Editor in 0.00 ms.
Unloading 3395 Unused Serialized files (Serialized files now loaded: 0)
Unloading 38 unused Assets / (113.1 KB). Loaded Objects now: 3901.
Memory consumption went from 129.4 MB to 129.3 MB.
Total: 3.335900 ms (FindLiveObjects: 0.352800 ms CreateObjectMapping: 0.398200 ms MarkObjects: 2.448700 ms  DeleteObjects: 0.134100 ms)

AssetImportParameters requested are different than current active one (requested -> active):
  custom:video-decoder-ogg-theora: a1e56fd34408186e4bbccfd4996cb3dc -> 
  custom:container-muxer-webm: aa71ff27fc2769a1b78a27578f13a17b -> 
  custom:container-demuxer-webm: 4f35f7cbe854078d1ac9338744f61a02 -> 
  custom:video-encoder-webm-vp8: eb34c28f22e8b96e1ab97ce403110664 -> 
  custom:audio-encoder-webm-vorbis: bf7c407c2cedff20999df2af8eb42d56 -> 
  custom:framework-win-MediaFoundation: 216162199b28c13a410421893ffa2e32 -> 
  custom:container-demuxer-ogg: 62fdf1f143b41e24485cea50d1cbac27 -> 
  custom:video-decoder-webm-vp8: 9c59270c3fd7afecdb556c50c9e8de78 -> 
  custom:audio-decoder-ogg-vorbis: bf7c407c2cedff20999df2af8eb42d56 -> 
========================================================================
Received Import Request.
  Time since last request: 15334.756299 seconds.
  path: Assets/Ultimate Material Pack 1-2/Materials/WhiteCell2.mat
  artifactKey: Guid(e76916b2f26f370498ffe7cea22415e0) Importer(815301076,1909f56bfc062723c751e8b465ee728b)
Start importing Assets/Ultimate Material Pack 1-2/Materials/WhiteCell2.mat using Guid(e76916b2f26f370498ffe7cea22415e0) Importer(815301076,1909f56bfc062723c751e8b465ee728b)  -> (artifact id: 'f3e21376ac28fd5bef9f94f2d0764133') in 0.148104 seconds 
========================================================================
Received Import Request.
  Time since last request: 0.000033 seconds.
  path: Assets/Ultimate Material Pack 1-2/Materials/SkyBox.mat
  artifactKey: Guid(60c879f2885247045bdd9982703559dc) Importer(815301076,1909f56bfc062723c751e8b465ee728b)
Start importing Assets/Ultimate Material Pack 1-2/Materials/SkyBox.mat using Guid(60c879f2885247045bdd9982703559dc) Importer(815301076,1909f56bfc062723c751e8b465ee728b)  -> (artifact id: '078582b940647a688d94a3186fa6b58e') in 0.018285 seconds 
========================================================================
Received Import Request.
  Time since last request: 0.000016 seconds.
  path: Assets/Ultimate Material Pack 1-2/Materials/Player.mat
  artifactKey: Guid(c8c21ca4cf055064da8505bec5d0cc8e) Importer(815301076,1909f56bfc062723c751e8b465ee728b)
Start importing Assets/Ultimate Material Pack 1-2/Materials/Player.mat using Guid(c8c21ca4cf055064da8505bec5d0cc8e) Importer(815301076,1909f56bfc062723c751e8b465ee728b)  -> (artifact id: '1294fb88569acb291853416911e1c689') in 0.016307 seconds 
========================================================================
Received Import Request.
  Time since last request: 0.000016 seconds.
  path: Assets/Ultimate Material Pack 1-2/Materials/RBboxes.mat
  artifactKey: Guid(26baedb4bcf35a644812a5d3eef879e2) Importer(815301076,1909f56bfc062723c751e8b465ee728b)
Start importing Assets/Ultimate Material Pack 1-2/Materials/RBboxes.mat using Guid(26baedb4bcf35a644812a5d3eef879e2) Importer(815301076,1909f56bfc062723c751e8b465ee728b)  -> (artifact id: '579d3d45c34721f0212117c40d10faa9') in 0.018493 seconds 
========================================================================
Received Import Request.
  Time since last request: 1.859781 seconds.
  path: Assets/Ultimate Material Pack 1-2/Texture/brick_stone_Metallic.png
  artifactKey: Guid(f41b6f6d29574364098d20a15b85f901) Importer(815301076,1909f56bfc062723c751e8b465ee728b)
Start importing Assets/Ultimate Material Pack 1-2/Texture/brick_stone_Metallic.png using Guid(f41b6f6d29574364098d20a15b85f901) Importer(815301076,1909f56bfc062723c751e8b465ee728b)  -> (artifact id: '03fbde0f7744464d31fa9ff2b4fc6fb9') in 0.059002 seconds 
========================================================================
Received Import Request.
  Time since last request: 0.000030 seconds.
  path: Assets/Ultimate Material Pack 1-2/Texture/NewLayer 6.terrainlayer
  artifactKey: Guid(cfadbd91fca22b248bf5f44a85ce2897) Importer(815301076,1909f56bfc062723c751e8b465ee728b)
Start importing Assets/Ultimate Material Pack 1-2/Texture/NewLayer 6.terrainlayer using Guid(cfadbd91fca22b248bf5f44a85ce2897) Importer(815301076,1909f56bfc062723c751e8b465ee728b)  -> (artifact id: '50dea5cc40d64ffd1aeaed2b7de87de1') in 0.039248 seconds 
========================================================================
Received Import Request.
  Time since last request: 0.000030 seconds.
  path: Assets/Ultimate Material Pack 1-2/Texture/NewLayer 14.terrainlayer
  artifactKey: Guid(4bcd3f8d7947f304e8fec5eabf41c645) Importer(815301076,1909f56bfc062723c751e8b465ee728b)
Start importing Assets/Ultimate Material Pack 1-2/Texture/NewLayer 14.terrainlayer using Guid(4bcd3f8d7947f304e8fec5eabf41c645) Importer(815301076,1909f56bfc062723c751e8b465ee728b)  -> (artifact id: '01b8b830ae3352ac6d3afd9c27bd20f8') in 0.021743 seconds 
========================================================================
Received Import Request.
  Time since last request: 0.000020 seconds.
  path: Assets/Ultimate Material Pack 1-2/Texture/ground_snow_2_AlbedoTransparency.png
  artifactKey: Guid(c537b58fc1d99a14da0963c1ce12633d) Importer(815301076,1909f56bfc062723c751e8b465ee728b)
Start importing Assets/Ultimate Material Pack 1-2/Texture/ground_snow_2_AlbedoTransparency.png using Guid(c537b58fc1d99a14da0963c1ce12633d) Importer(815301076,1909f56bfc062723c751e8b465ee728b)  -> (artifact id: '0188a5593e32c16c706f1817e38c7a3b') in 0.020355 seconds 
========================================================================
Received Import Request.
  Time since last request: 0.000029 seconds.
  path: Assets/Ultimate Material Pack 1-2/Texture/NewLayer 5.terrainlayer
  artifactKey: Guid(b0997c435648b7a47a3f8cedc7e2d7e8) Importer(815301076,1909f56bfc062723c751e8b465ee728b)
Start importing Assets/Ultimate Material Pack 1-2/Texture/NewLayer 5.terrainlayer using Guid(b0997c435648b7a47a3f8cedc7e2d7e8) Importer(815301076,1909f56bfc062723c751e8b465ee728b)  -> (artifact id: 'd4cf8b664ff558638809240d248bf313') in 0.022213 seconds 
========================================================================
Received Import Request.
  Time since last request: 0.000021 seconds.
  path: Assets/Ultimate Material Pack 1-2/Texture/stone_simple_basecolor.png
  artifactKey: Guid(cb1e5ce63a4eeaf4bb6005714d281099) Importer(815301076,1909f56bfc062723c751e8b465ee728b)
Start importing Assets/Ultimate Material Pack 1-2/Texture/stone_simple_basecolor.png using Guid(cb1e5ce63a4eeaf4bb6005714d281099) Importer(815301076,1909f56bfc062723c751e8b465ee728b)  -> (artifact id: 'e4fa749fa3b4695d7c048e14e7928070') in 0.034519 seconds 
========================================================================
Received Import Request.
  Time since last request: 0.000034 seconds.
  path: Assets/Ultimate Material Pack 1-2/Texture/ground_dirt_AlbedoTransparency.png
  artifactKey: Guid(e041b5db7e5f6c049b179ec3333675f9) Importer(815301076,1909f56bfc062723c751e8b465ee728b)
Start importing Assets/Ultimate Material Pack 1-2/Texture/ground_dirt_AlbedoTransparency.png using Guid(e041b5db7e5f6c049b179ec3333675f9) Importer(815301076,1909f56bfc062723c751e8b465ee728b)  -> (artifact id: '2e453db957497c35c195cedb9c543bf7') in 0.021603 seconds 
========================================================================
Received Import Request.
  Time since last request: 0.000030 seconds.
  path: Assets/Ultimate Material Pack 1-2/Texture/grass_clear_albedo.png
  artifactKey: Guid(64ab18ac6caee7c44906e6f3d3ee9047) Importer(815301076,1909f56bfc062723c751e8b465ee728b)
Start importing Assets/Ultimate Material Pack 1-2/Texture/grass_clear_albedo.png using Guid(64ab18ac6caee7c44906e6f3d3ee9047) Importer(815301076,1909f56bfc062723c751e8b465ee728b)  -> (artifact id: 'b4eadf802742064d5d6d34d5d5584002') in 0.026870 seconds 
========================================================================
Received Import Request.
  Time since last request: 0.000017 seconds.
  path: Assets/Ultimate Material Pack 1-2/Texture/NewLayer 10.terrainlayer
  artifactKey: Guid(8ef40428000b04741a85ea9712bbdbd3) Importer(815301076,1909f56bfc062723c751e8b465ee728b)
Start importing Assets/Ultimate Material Pack 1-2/Texture/NewLayer 10.terrainlayer using Guid(8ef40428000b04741a85ea9712bbdbd3) Importer(815301076,1909f56bfc062723c751e8b465ee728b)  -> (artifact id: '617a299df3522315bd1480b72cee005f') in 0.020952 seconds 
========================================================================
Received Import Request.
  Time since last request: 0.000040 seconds.
  path: Assets/Ultimate Material Pack 1-2/Texture/NewLayer 18.terrainlayer
  artifactKey: Guid(bae086aa63729c44ab9f40792dc9e21a) Importer(815301076,1909f56bfc062723c751e8b465ee728b)
Start importing Assets/Ultimate Material Pack 1-2/Texture/NewLayer 18.terrainlayer using Guid(bae086aa63729c44ab9f40792dc9e21a) Importer(815301076,1909f56bfc062723c751e8b465ee728b)  -> (artifact id: '2c590122633b01088716641216c6f9a5') in 0.018432 seconds 
========================================================================
Received Import Request.
  Time since last request: 0.000019 seconds.
  path: Assets/Ultimate Material Pack 1-2/Texture/NewLayer 2.terrainlayer
  artifactKey: Guid(a4248404f885b3b4a8c0b7afcfb1fdce) Importer(815301076,1909f56bfc062723c751e8b465ee728b)
Start importing Assets/Ultimate Material Pack 1-2/Texture/NewLayer 2.terrainlayer using Guid(a4248404f885b3b4a8c0b7afcfb1fdce) Importer(815301076,1909f56bfc062723c751e8b465ee728b)  -> (artifact id: '38263dfac419db9a7943f6a68c8ac4a5') in 0.017834 seconds 
========================================================================
Received Import Request.
  Time since last request: 56.190049 seconds.
  path: Assets/SimpleFarm/NewLayer 3.terrainlayer
  artifactKey: Guid(425697f4d1ed11d4d9c82f7ec5800e5c) Importer(815301076,1909f56bfc062723c751e8b465ee728b)
Start importing Assets/SimpleFarm/NewLayer 3.terrainlayer using Guid(425697f4d1ed11d4d9c82f7ec5800e5c) Importer(815301076,1909f56bfc062723c751e8b465ee728b)  -> (artifact id: '42624a97679a784027216eef45b34e58') in 0.026360 seconds 
Editor requested this worker to shutdown with reason: Scaling down because of idle timeout
AssetImportWorker is now disconnected from the server
Process exiting
Exiting without the bug reporter. Application will terminate with return code 0